<?xml version="1.0" encoding="UTF-8"?>
<testsuite xmlns:xsi="http://www.w3.org/2001/XMLSchema-instance" xsi:noNamespaceSchemaLocation="https://maven.apache.org/surefire/maven-surefire-plugin/xsd/surefire-test-report-3.0.xsd" version="3.0" name="TestSuite" time="271.587" tests="10" errors="0" skipped="0" failures="0">
  <properties>
[...]
</properties>
  <testcase name="test4Step1[Step0, Step1, https://onesearch.library.northeastern.edu/discovery/search?vid=01NEU_INST:NU&amp;lang=en, //span[normalize-space()=&apos;digital repository service&apos;], Scenario4](1)" classname="com.seleniumtest.Scenario4" time="16.922">
    <system-err><![CDATA[SLF4J: Failed to load class "org.slf4j.impl.StaticLoggerBinder".
SLF4J: Defaulting to no-operation (NOP) logger implementation
SLF4J: See http://www.slf4j.org/codes.html#StaticLoggerBinder for further details.
ERROR StatusLogger Log4j2 could not find a logging implementation. Please add log4j-core to the classpath. Using SimpleLogger to log to the console...
]]></system-err>
  </testcase>
  <testcase name="test4Step2[Step2, //a[normalize-space()=&apos;Datasets&apos;], Scenario4](1)" classname="com.seleniumtest.Scenario4" time="13.981"/>
  <testcase name="test4Step3[Step3, //article[1]//div[1]//div[1]//div[1]//div[1]//div[1]//a[1], Successful download, Failed download, Scenario4](1)" classname="com.seleniumtest.Scenario4" time="179.11"/>
  <testcase name="test5Step0[Step0, https://student.me.northeastern.edu/, loginfmt, passwd, idSIButton9, trust-browser-button, huang.yushu@northeastern.edu, dWuGLsR0BmNAj8OrZ+7ykCKDTjdVfwMA1crqxIqcOWw=, z2IPA18hTEUF3cPseC7Ajw==, Scenario5](1)" classname="com.seleniumtest.Scenario5" time="34.865"/>
  <testcase name="test5Step1to3[Step1, /html/body/div[1]/header/div[2]/div[2]/div[1]/nav/ul/li[5]/a, Scenario5](1)" classname="com.seleniumtest.Scenario5" time="3.736"/>
  <testcase name="test5Step1to3[Step2, //*[@id=&quot;resource-tab-Academics,_Classes_&amp;_Registration&quot;]/span[1]/img[2], Scenario5](2)" classname="com.seleniumtest.Scenario5" time="3.769"/>
  <testcase name="test5Step1to3[Step3, //*[@id=&quot;resource-tab-contents-Academics,_Classes_&amp;_Registration&quot;]/section[1]/ul/li[1]/div/a, Scenario5](3)" classname="com.seleniumtest.Scenario5" time="3.929"/>
  <testcase name="test5Step4[Step4, //*[@id=&quot;tax-academic-calendars&quot;]/div/a[1], Scenario5](1)" classname="com.seleniumtest.Scenario5" time="5.886"/>
  <testcase name="test5Step5to6[Step5, //*[@id=&quot;trumba.spud.7.iframe&quot;], Step6, //input[@id=&apos;mixItem2&apos;], Scenario5](1)" classname="com.seleniumtest.Scenario5" time="4.5"/>
  <testcase name="test5Step7[Step7, //*[@id=&quot;main&quot;]/article/header/div/h1, &apos;Add to My Calendar&apos; button is displayed, &apos;Add to My Calendar&apos; button is not displayed, Scenario5](1)" classname="com.seleniumtest.Scenario5" time="0.205"/>
</testsuite>