<?xml version="1.0" encoding="UTF-8"?>
<!-- Generated by org.testng.reporters.JUnitXMLReporter -->
<testsuite ignored="2" hostname="LAPTOP-9A2VUR2I" failures="0" tests="10" name="Webpage Scenarios" time="277.789" errors="0" timestamp="2024-11-09T13:42:09 PST">
  <testcase classname="com.seleniumtest.Scenario4" name="test4Step1" time="21.62"/>
  <testcase classname="com.seleniumtest.Scenario4" name="test4Step2" time="13.776"/>
  <testcase classname="com.seleniumtest.Scenario4" name="test4Step3" time="181.76"/>
  <testcase classname="com.seleniumtest.Scenario5" name="test5Step0" time="34.779"/>
  <testcase classname="com.seleniumtest.Scenario5" name="test5Step1to3" time="3.764"/>
  <testcase classname="com.seleniumtest.Scenario5" name="test5Step1to3" time="3.777"/>
  <testcase classname="com.seleniumtest.Scenario5" name="test5Step1to3" time="3.947"/>
  <testcase classname="com.seleniumtest.Scenario5" name="test5Step4" time="5.879"/>
  <testcase classname="com.seleniumtest.Scenario5" name="test5Step5to6" time="4.512"/>
  <testcase classname="com.seleniumtest.Scenario5" name="test5Step7" time="0.214"/>
  <testcase classname="com.seleniumtest.BaseTest" name="@AfterSuite reportGenerate" time="0.0">
    <ignored/>
  </testcase> <!-- @AfterSuite reportGenerate -->
  <testcase classname="com.seleniumtest.BaseTest" name="@BeforeSuite setUp" time="0.0">
    <ignored/>
  </testcase> <!-- @BeforeSuite setUp -->
</testsuite> <!-- Webpage Scenarios -->
