<?xml version="1.0" encoding="UTF-8"?>
<!-- Generated by org.testng.reporters.JUnitXMLReporter -->
<testsuite ignored="2" hostname="LAPTOP-9A2VUR2I" failures="0" tests="10" name="Webpage Scenarios" time="270.629" errors="0" timestamp="2024-11-11T13:41:59 PST">
  <testcase classname="com.seleniumtest.Scenario4" name="test4Step1" time="16.924"/>
  <testcase classname="com.seleniumtest.Scenario4" name="test4Step2" time="13.981"/>
  <testcase classname="com.seleniumtest.Scenario4" name="test4Step3" time="179.111"/>
  <testcase classname="com.seleniumtest.Scenario5" name="test5Step0" time="34.849"/>
  <testcase classname="com.seleniumtest.Scenario5" name="test5Step1to3" time="3.736"/>
  <testcase classname="com.seleniumtest.Scenario5" name="test5Step1to3" time="3.769"/>
  <testcase classname="com.seleniumtest.Scenario5" name="test5Step1to3" time="3.929"/>
  <testcase classname="com.seleniumtest.Scenario5" name="test5Step4" time="5.886"/>
  <testcase classname="com.seleniumtest.Scenario5" name="test5Step5to6" time="4.5"/>
  <testcase classname="com.seleniumtest.Scenario5" name="test5Step7" time="0.206"/>
  <testcase classname="com.seleniumtest.BaseTest" name="@AfterSuite reportGenerate" time="0.0">
    <ignored/>
  </testcase> <!-- @AfterSuite reportGenerate -->
  <testcase classname="com.seleniumtest.BaseTest" name="@BeforeSuite setUp" time="0.0">
    <ignored/>
  </testcase> <!-- @BeforeSuite setUp -->
</testsuite> <!-- Webpage Scenarios -->
